<mxfile userAgent="Mozilla/5.0 (Windows NT 10.0; Win64; x64) AppleWebKit/537.36 (KHTML, like Gecko) Chrome/58.0.3029.110 Safari/537.36" version="6.7.6" editor="www.draw.io" type="device"><diagram id="498205c6-84d4-8891-3050-185c8de415d8" name="Page-1">7Vjfb5swEP5reJyEMXHgsU2zbg+TNnXVnh24gFWDmXF+7a/fGUwCgqqTSlatWh6C/d3Zd/nu4zDx6Ko43mte5V9UCtIL/PTo0TsvCAKfMbxY5NQihMRBi2RapA67AA/iFzjQd+hOpFAPHI1S0ohqCCaqLCExA4xrrQ5Dt62Sw6gVz2AEPCRcjtEfIjV5iy6Zf8E/gchyF5l2hg1PnjKtdqUL5wV023xac8G7rZx/nfNUHXoQXXt0pZUy7ag4rkBabjvW2nUfn7Ge09ZQmj9Z4Kqy53IHXcZM4tLbVOxtfubkKGE/dzapWwNH84FLkZUevbEVwEigL3YcZe7a7FNXvOywb1I8GbEHXPZY2+8Vt5fWEZPs+/bgJpUODQZZBUhgZYeYlU1a7TaNheCkKQOkbnbIhYGHiifWfEDZIpabQjrzVpXGyZCEOHe/8M79PHQQUq6UVLqJS9MFRKl1rI1WT9CzRMGGov7p7R60ESipG7eVUVUXyOU/US4H2bVw7EGufPegCjD6hC7OGjolnYbTw0W1LHJY3lMs6RTI3Z2SnXe+yAUHTjHT6qEj9ayDNQLfoTb1qFTXrQeHaJtM1YMlEWy2Z+28imw2JDsek03JBNnhDFyHI66/gt4qXfAygffMOY0XL5Lu0+uQzv56e8Qla8lrbBy2PaqiUqWl7n+PnLFHBv5YQmF4rSa5vJqGVrvaqAIdes/VKcn8o9oYquA5rcwgj4U/1AeJ45E+zie2oT7I6/URjfTxWArzNh0dCNZlOVWVmC0pZzM9RcnwdgzHdHcVmLuhxyOyezfM+2WcRP6LlBN6pZNLdyLqkf4Zycg0N0KV75l2St+SdjKi/Sa1cVTyNpzjW3CQTB4XU7Zhi5k4X5DoZc6jxSyc4/Tyqt7Yev+H0PVv</diagram></mxfile>